<?xml version="1.0" encoding="UTF-8"?>
<!-- Generated by org.testng.reporters.JUnitXMLReporter -->
<testsuite ignored="0" hostname="DESKTOP-9QNQ3PS" failures="0" tests="3" name="Testc" time="34.255" errors="0" timestamp="2023-12-27T12:57:30 IST">
  <testcase classname="com.actitime.generic.BaseClass" name="@AfterMethod logout" time="0.091">
    <failure type="org.openqa.selenium.ElementClickInterceptedException" message="Element &amp;lt;a id=&amp;quot;logoutLink&amp;quot; class=&amp;quot;logout&amp;quot; href=&amp;quot;/logout.do&amp;quot;&amp;gt; is not clickable at point (1223,17) because another element &amp;lt;div id=&amp;quot;preInsertedTransformedMoireId&amp;quot; class=&amp;quot;transformedMoireClass&amp;quot;&amp;gt; obscures it
Build info: version: &amp;apos;4.16.1&amp;apos;, revision: &amp;apos;9b4c83354e&amp;apos;
System info: os.name: &amp;apos;Windows 10&amp;apos;, os.arch: &amp;apos;amd64&amp;apos;, os.version: &amp;apos;10.0&amp;apos;, java.version: &amp;apos;17.0.9&amp;apos;
Driver info: org.openqa.selenium.firefox.FirefoxDriver
Command: [4877bd64-ca0c-4172-aa90-105b9dec068c, clickElement {id=ddb35045-5149-4187-8aa1-b1c09cb382ae}]
Capabilities {acceptInsecureCerts: true, browserName: firefox, browserVersion: 121.0, moz:accessibilityChecks: false, moz:buildID: 20231211174248, moz:debuggerAddress: 127.0.0.1:44477, moz:geckodriverVersion: 0.33.0, moz:headless: false, moz:platformVersion: 10.0, moz:processID: 3804, moz:profile: C:\Users\msamo\AppData\Loca..., moz:shutdownTimeout: 60000, moz:webdriverClick: true, moz:windowless: false, pageLoadStrategy: normal, platformName: windows, proxy: Proxy(), se:cdp: ws://127.0.0.1:44477/devtoo..., se:cdpVersion: 85.0, setWindowRect: true, strictFileInteractability: false, timeouts: {implicit: 0, pageLoad: 300000, script: 30000}, unhandledPromptBehavior: dismiss and notify}
Element: [[FirefoxDriver: firefox on windows (4877bd64-ca0c-4172-aa90-105b9dec068c)] -&amp;gt; id: logoutLink]
Session ID: 4877bd64-ca0c-4172-aa90-105b9dec068c">
      <![CDATA[org.openqa.selenium.ElementClickInterceptedException: Element <a id="logoutLink" class="logout" href="/logout.do"> is not clickable at point (1223,17) because another element <div id="preInsertedTransformedMoireId" class="transformedMoireClass"> obscures it
Build info: version: '4.16.1', revision: '9b4c83354e'
System info: os.name: 'Windows 10', os.arch: 'amd64', os.version: '10.0', java.version: '17.0.9'
Driver info: org.openqa.selenium.firefox.FirefoxDriver
Command: [4877bd64-ca0c-4172-aa90-105b9dec068c, clickElement {id=ddb35045-5149-4187-8aa1-b1c09cb382ae}]
Capabilities {acceptInsecureCerts: true, browserName: firefox, browserVersion: 121.0, moz:accessibilityChecks: false, moz:buildID: 20231211174248, moz:debuggerAddress: 127.0.0.1:44477, moz:geckodriverVersion: 0.33.0, moz:headless: false, moz:platformVersion: 10.0, moz:processID: 3804, moz:profile: C:\Users\msamo\AppData\Loca..., moz:shutdownTimeout: 60000, moz:webdriverClick: true, moz:windowless: false, pageLoadStrategy: normal, platformName: windows, proxy: Proxy(), se:cdp: ws://127.0.0.1:44477/devtoo..., se:cdpVersion: 85.0, setWindowRect: true, strictFileInteractability: false, timeouts: {implicit: 0, pageLoad: 300000, script: 30000}, unhandledPromptBehavior: dismiss and notify}
Element: [[FirefoxDriver: firefox on windows (4877bd64-ca0c-4172-aa90-105b9dec068c)] -> id: logoutLink]
Session ID: 4877bd64-ca0c-4172-aa90-105b9dec068c
at org.openqa.selenium.remote.codec.w3c.W3CHttpResponseCodec.createException(W3CHttpResponseCodec.java:200)
at org.openqa.selenium.remote.codec.w3c.W3CHttpResponseCodec.decode(W3CHttpResponseCodec.java:133)
at org.openqa.selenium.remote.codec.w3c.W3CHttpResponseCodec.decode(W3CHttpResponseCodec.java:52)
at org.openqa.selenium.remote.HttpCommandExecutor.execute(HttpCommandExecutor.java:191)
at org.openqa.selenium.remote.service.DriverCommandExecutor.invokeExecute(DriverCommandExecutor.java:200)
at org.openqa.selenium.remote.service.DriverCommandExecutor.execute(DriverCommandExecutor.java:175)
at org.openqa.selenium.remote.RemoteWebDriver.execute(RemoteWebDriver.java:523)
at org.openqa.selenium.remote.RemoteWebElement.execute(RemoteWebElement.java:224)
at org.openqa.selenium.remote.RemoteWebElement.click(RemoteWebElement.java:77)
at com.actitime.generic.BaseClass.logout(BaseClass.java:52)
at java.base/java.util.ArrayList.forEach(ArrayList.java:1511)
at java.base/java.util.concurrent.FutureTask.run(FutureTask.java:264)
at java.base/java.util.concurrent.ThreadPoolExecutor.runWorker(ThreadPoolExecutor.java:1136)
at java.base/java.util.concurrent.ThreadPoolExecutor$Worker.run(ThreadPoolExecutor.java:635)
at java.base/java.lang.Thread.run(Thread.java:840)
... Removed 28 stack frames]]>
    </failure>
  </testcase> <!-- @AfterMethod logout -->
  <testcase classname="com.actitime.generic.BaseClass" name="@BeforeMethod login" time="-1.703662048865E9">
    <skipped/>
  </testcase> <!-- @BeforeMethod login -->
  <testcase classname="com.actitime.generic.BaseClass" name="@AfterMethod logout" time="-1.703662048876E9">
    <skipped/>
  </testcase> <!-- @AfterMethod logout -->
  <testcase classname="com.actitime.generic.BaseClass" name="@BeforeMethod login" time="-1.703662048878E9">
    <skipped/>
  </testcase> <!-- @BeforeMethod login -->
  <testcase classname="com.actitime.generic.BaseClass" name="@AfterMethod logout" time="-1.703662048886E9">
    <skipped/>
  </testcase> <!-- @AfterMethod logout -->
  <testcase classname="com.actitime.testscript.CustomerModule" name="modifyCustomer" time="0.002"/>
  <testcase classname="com.actitime.testscript.CustomerModule" name="creatCustomer" time="0.0">
    <skipped/>
  </testcase> <!-- creatCustomer -->
  <testcase classname="com.actitime.testscript.CustomerModule" name="deleteCustomer" time="0.0">
    <skipped/>
  </testcase> <!-- deleteCustomer -->
</testsuite> <!-- Testc -->
