<?xml version="1.0" encoding="UTF-8"?>
<!-- Generated by org.testng.reporters.JUnitXMLReporter -->
<testsuite ignored="1" hostname="DESKTOP-9QNQ3PS" failures="0" tests="2" name="Test" time="0.067" errors="0" timestamp="2023-12-15T12:08:37 IST">
  <testcase classname="com.actitime.testscript.ProjectModule" name="deleteproject" time="0.007"/>
  <testcase classname="com.actitime.testscript.ProjectModule" name="modifyproject" time="0.003"/>
  <testcase classname="com.actitime.testscript.ProjectModule" name="creatproject" time="0.0">
    <ignored/>
  </testcase> <!-- creatproject -->
</testsuite> <!-- Test -->
